[debug] [2021-05-06T10:15:06.899Z] ----------------------------------------------------------------------
[debug] [2021-05-06T10:15:06.901Z] Command:       /Users/computer/.nvm/versions/node/v14.8.0/bin/node /Users/computer/Desktop/dev/venture-anime/website/node_modules/.bin/firebase deploy
[debug] [2021-05-06T10:15:06.901Z] CLI Version:   8.20.0
[debug] [2021-05-06T10:15:06.901Z] Platform:      darwin
[debug] [2021-05-06T10:15:06.901Z] Node Version:  v14.8.0
[debug] [2021-05-06T10:15:06.903Z] Time:          Thu May 06 2021 19:15:06 GMT+0900 (日本標準時)
[debug] [2021-05-06T10:15:06.903Z] ----------------------------------------------------------------------
[debug] [2021-05-06T10:15:06.903Z] 
[debug] [2021-05-06T10:15:06.905Z] >>> [apiv2][query] GET https://firebase-public.firebaseio.com/cli.json [none]
[debug] [2021-05-06T10:15:06.928Z] > command requires scopes: ["email","openid","https://www.googleapis.com/auth/cloudplatformprojects.readonly","https://www.googleapis.com/auth/firebase","https://www.googleapis.com/auth/cloud-platform"]
[debug] [2021-05-06T10:15:06.929Z] > authorizing via signed-in user
[debug] [2021-05-06T10:15:06.929Z] [iam] checking project venture-anime for permissions ["firebase.projects.get","firebasehosting.sites.update"]
[debug] [2021-05-06T10:15:06.931Z] > refreshing access token with scopes: ["email","https://www.googleapis.com/auth/cloud-platform","https://www.googleapis.com/auth/cloudplatformprojects.readonly","https://www.googleapis.com/auth/firebase","openid"]
[debug] [2021-05-06T10:15:06.931Z] >>> HTTP REQUEST POST https://www.googleapis.com/oauth2/v3/token  
 <request body omitted>
[debug] [2021-05-06T10:15:07.110Z] <<< HTTP RESPONSE 200 {"cache-control":"no-cache, no-store, max-age=0, must-revalidate","expires":"Mon, 01 Jan 1990 00:00:00 GMT","pragma":"no-cache","date":"Thu, 06 May 2021 10:15:07 GMT","content-type":"application/json; charset=utf-8","vary":"X-Origin, Referer, Origin,Accept-Encoding","server":"scaffolding on HTTPServer2","x-xss-protection":"0","x-frame-options":"SAMEORIGIN","x-content-type-options":"nosniff","alt-svc":"h3-29=\":443\"; ma=2592000,h3-T051=\":443\"; ma=2592000,h3-Q050=\":443\"; ma=2592000,h3-Q046=\":443\"; ma=2592000,h3-Q043=\":443\"; ma=2592000,quic=\":443\"; ma=2592000; v=\"46,43\"","accept-ranges":"none","transfer-encoding":"chunked"}
[debug] [2021-05-06T10:15:07.136Z] >>> HTTP REQUEST POST https://cloudresourcemanager.googleapis.com/v1/projects/venture-anime:testIamPermissions  
 {"permissions":["firebase.projects.get","firebasehosting.sites.update"]}
[debug] [2021-05-06T10:15:07.414Z] <<< [apiv2][status] GET https://firebase-public.firebaseio.com/cli.json 200
[debug] [2021-05-06T10:15:07.414Z] <<< [apiv2][body] GET https://firebase-public.firebaseio.com/cli.json {"cloudBuildErrorAfter":1594252800000,"cloudBuildWarnAfter":1590019200000,"defaultNode10After":1594252800000,"minVersion":"3.0.5","node8DeploysDisabledAfter":1613390400000,"node8RuntimeDisabledAfter":1615809600000,"node8WarnAfter":1600128000000}
[debug] [2021-05-06T10:15:07.813Z] <<< HTTP RESPONSE 200 {"content-type":"application/json; charset=UTF-8","vary":"X-Origin, Referer, Origin,Accept-Encoding","date":"Thu, 06 May 2021 10:15:07 GMT","server":"ESF","cache-control":"private","x-xss-protection":"0","x-frame-options":"SAMEORIGIN","x-content-type-options":"nosniff","server-timing":"gfet4t7; dur=566","alt-svc":"h3-29=\":443\"; ma=2592000,h3-T051=\":443\"; ma=2592000,h3-Q050=\":443\"; ma=2592000,h3-Q046=\":443\"; ma=2592000,h3-Q043=\":443\"; ma=2592000,quic=\":443\"; ma=2592000; v=\"46,43\"","accept-ranges":"none","transfer-encoding":"chunked"}
[debug] [2021-05-06T10:15:07.815Z] >>> HTTP REQUEST GET https://firebase.googleapis.com/v1beta1/projects/venture-anime  
 
[debug] [2021-05-06T10:15:08.278Z] <<< HTTP RESPONSE 200 {"content-type":"application/json; charset=UTF-8","vary":"X-Origin, Referer, Origin,Accept-Encoding","date":"Thu, 06 May 2021 10:15:08 GMT","server":"ESF","cache-control":"private","x-xss-protection":"0","x-frame-options":"SAMEORIGIN","x-content-type-options":"nosniff","alt-svc":"h3-29=\":443\"; ma=2592000,h3-T051=\":443\"; ma=2592000,h3-Q050=\":443\"; ma=2592000,h3-Q046=\":443\"; ma=2592000,h3-Q043=\":443\"; ma=2592000,quic=\":443\"; ma=2592000; v=\"46,43\"","accept-ranges":"none","transfer-encoding":"chunked"}
[info] 
[info] === Deploying to 'venture-anime'...
[info] 
[info] i  deploying hosting 
[debug] [2021-05-06T10:15:08.282Z] >>> HTTP REQUEST POST https://firebasehosting.googleapis.com/v1beta1/sites/venture-anime/versions  
 {"config":{"rewrites":[{"glob":"**","path":"/index.html"}],"redirects":[{"glob":"/crowdfunding","location":"https://www.kickstarter.com/projects/akiyamasho/venture-anime-series","statusCode":302}],"headers":[{"glob":"/service-worker.js","headers":{"Cache-Control":"no-cache"}}]},"labels":{"deployment-tool":"cli-firebase"}}
[debug] [2021-05-06T10:15:09.521Z] <<< HTTP RESPONSE 200 {"content-type":"application/json; charset=UTF-8","vary":"X-Origin, Referer, Origin,Accept-Encoding","date":"Thu, 06 May 2021 10:15:09 GMT","server":"ESF","cache-control":"private","x-xss-protection":"0","x-frame-options":"SAMEORIGIN","x-content-type-options":"nosniff","alt-svc":"h3-29=\":443\"; ma=2592000,h3-T051=\":443\"; ma=2592000,h3-Q050=\":443\"; ma=2592000,h3-Q046=\":443\"; ma=2592000,h3-Q043=\":443\"; ma=2592000,quic=\":443\"; ma=2592000; v=\"46,43\"","accept-ranges":"none","transfer-encoding":"chunked"}
[info] i  hosting[venture-anime]: beginning deploy... 
[info] i  hosting[venture-anime]: found 30 files in build 
[debug] [2021-05-06T10:15:09.681Z] > refreshing access token with scopes: []
[debug] [2021-05-06T10:15:09.681Z] >>> HTTP REQUEST POST https://www.googleapis.com/oauth2/v3/token  
 <request body omitted>
[debug] [2021-05-06T10:15:09.684Z] [hosting] hash cache [YnVpbGQ] stored for 30 files
[debug] [2021-05-06T10:15:09.684Z] [hosting][hash queue][FINAL] {"max":143,"min":22,"avg":30.6,"active":0,"complete":30,"success":30,"errored":0,"retried":0,"total":30,"elapsed":149}
[debug] [2021-05-06T10:15:09.881Z] <<< HTTP RESPONSE 200 {"cache-control":"no-cache, no-store, max-age=0, must-revalidate","expires":"Mon, 01 Jan 1990 00:00:00 GMT","pragma":"no-cache","date":"Thu, 06 May 2021 10:15:09 GMT","content-type":"application/json; charset=utf-8","vary":"X-Origin, Referer, Origin,Accept-Encoding","server":"scaffolding on HTTPServer2","x-xss-protection":"0","x-frame-options":"SAMEORIGIN","x-content-type-options":"nosniff","alt-svc":"h3-29=\":443\"; ma=2592000,h3-T051=\":443\"; ma=2592000,h3-Q050=\":443\"; ma=2592000,h3-Q046=\":443\"; ma=2592000,h3-Q043=\":443\"; ma=2592000,quic=\":443\"; ma=2592000; v=\"46,43\"","accept-ranges":"none","transfer-encoding":"chunked"}
[debug] [2021-05-06T10:15:09.907Z] >>> [apiv2][query] POST https://firebasehosting.googleapis.com/v1beta1/sites/venture-anime/versions/64b8f90875c86912:populateFiles [none]
[debug] [2021-05-06T10:15:09.907Z] >>> [apiv2][body] POST https://firebasehosting.googleapis.com/v1beta1/sites/venture-anime/versions/64b8f90875c86912:populateFiles {"files":{"/404.html":"e2c83d05d6edff5e51339d68bb60b2477ce8bc684d5c636a86d72f9ac3fff0a6","/asset-manifest.json":"03fe65eb094cdb71acecd0b16c738a0f77ee46e378ec8707aa06c4d4c5dddf81","/manifest.json":"e41586199dfd68ff5c2d1b86f9e3d568022b20d2d639c960d88094fac5d2e58a","/favicon.ico":"204dbca995eacef0e686c97a766a70bd069fcd6e4b1e1804ced272dbfa7974f9","/index.html":"e2c83d05d6edff5e51339d68bb60b2477ce8bc684d5c636a86d72f9ac3fff0a6","/precache-manifest.a023b967e2fce644e615fa89995dd85b.js":"74e408ef2e87f761b0d4b9ee6edfd8f8bf928899bf2412e5232d5039891247e9","/service-worker.js":"381500b834ab1a2c2ef7eceb4de11d4dcbc2a80c1ff56f8d4547accd72cc5222","/static/js/2.39208db2.chunk.js.LICENSE.txt":"9ae65a73097e84dc88de0aaee9d9bcbbd43d9ceead3900d61919a911887fb873","/static/js/runtime-main.95e51687.js":"9286f3901daddac16164de2e10191da4647de3b55cbfff8aa04d297c97f82ffb","/static/js/runtime-main.95e51687.js.map":"e6ed45042fcb74d423d5ca6e3656c169b007a75853b83cfba9b3eccdf0085358","/static/media/logo.b8a39be8.svg":"96a2370af1d8dfb0f5463d8574361065867db63b8c32a2076f82e9f596502c1a","/static/media/reddit.2faa8b64.png":"65b9967b173b8003f4bcc6d1878c4dbba3a77b6cee4b22c768c18735b5a4ce6d","/static/media/background_2.6a65a1a3.jpg":"2095c027c523221bc03f18ded7e86bec35a8b54edc075620175419621c6bcd7a","/static/media/background_1.e85bcdb9.jpg":"51fcd167a7acdee902029c000681a80ffeed759aa54febf490a7cadc57a71ea9","/static/media/chloe.1ab95ecb.jpg":"278c688cc799ab2c8afe9cfb610d7c2748344f6eb3f05f588c0c3ec7e241ce5a","/static/media/mayu.10c31e4c.jpg":"f8efe78641ee314c750fb660afff28dc602e93cf97ea383516b8665ff90325f5","/static/js/main.f8ac5df2.chunk.js.map":"83f21ead4526164733f0660b90f50fec7011bee905635ff851deafa9814f3cf9","/static/media/lucas.81baa586.jpg":"c6cb2b25a72c2c209894282eadce9fd1f9e6ef173581e67c40980517c6b4c03d","/static/media/hiro.9f337920.jpg":"dd0d833b31868368f83fbdea830547bd6418844f1eb3c8b0c696e66b1cba6a13","/static/media/meiko.c0293005.jpg":"50e7b93d4ddc63befca678f0c9f4f9bf64df760951b891052ff91f131c9208bd","/static/media/sanosuke.e28dfa4f.jpg":"07ccdd3ed6bb54f595878166ff99b1c42bb5e26bc1b5352466a52949d7836183","/static/media/ren.5e6f68d7.jpg":"80c62f5606779ba849f3c58c0830a2828a7c336761e2fb584bdb8cdfa7198920","/static/media/dan.36f82e53.jpg":"b2e2c6f1944dbf49ef187fc5e2ecd0f64ba623d9b0e53f459489a02c46081f47","/static/js/main.f8ac5df2.chunk.js":"c66d135a79d1ac89a002f49bfe22fd0bf33d7d4d8fb444f0b81bd3bbbce1fc3f","/static/media/mikaela.b019d35d.jpg":"8ff0867432199675a49c90740cbb5b6a458d67de82011c87d413d5debb299766","/static/media/instagram.a5840bf1.png":"76b72311fda15c4de4a5107ea382a0efe23714a6fd886ee7cf92755e8c25a4b8","/static/media/set.70620e4b.jpg":"acc27e64dec0e438f065536ac6de167a18480e33f80899d07d13467b5422a74f","/static/js/2.39208db2.chunk.js":"a4856ce9574b7701e90927bb52398e4941bbee245956a2d7bc31765967f06f2a","/static/media/poster.5c44799b.mp4":"10571ee33d06cc43089ab66f10d17145d828d563e4ae69cd7f08c33507428ddc","/static/js/2.39208db2.chunk.js.map":"53ac23e204679ba8d9920336014e77d63acf3a8a17ccdd66062df23166a02ba1"}}
[debug] [2021-05-06T10:15:10.853Z] <<< [apiv2][status] POST https://firebasehosting.googleapis.com/v1beta1/sites/venture-anime/versions/64b8f90875c86912:populateFiles 200
[debug] [2021-05-06T10:15:10.853Z] <<< [apiv2][body] POST https://firebasehosting.googleapis.com/v1beta1/sites/venture-anime/versions/64b8f90875c86912:populateFiles {"uploadRequiredHashes":["e2c83d05d6edff5e51339d68bb60b2477ce8bc684d5c636a86d72f9ac3fff0a6","74e408ef2e87f761b0d4b9ee6edfd8f8bf928899bf2412e5232d5039891247e9","a4856ce9574b7701e90927bb52398e4941bbee245956a2d7bc31765967f06f2a","83f21ead4526164733f0660b90f50fec7011bee905635ff851deafa9814f3cf9","03fe65eb094cdb71acecd0b16c738a0f77ee46e378ec8707aa06c4d4c5dddf81","381500b834ab1a2c2ef7eceb4de11d4dcbc2a80c1ff56f8d4547accd72cc5222","53ac23e204679ba8d9920336014e77d63acf3a8a17ccdd66062df23166a02ba1","9ae65a73097e84dc88de0aaee9d9bcbbd43d9ceead3900d61919a911887fb873","c66d135a79d1ac89a002f49bfe22fd0bf33d7d4d8fb444f0b81bd3bbbce1fc3f"],"uploadUrl":"https://upload-firebasehosting.googleapis.com/upload/sites/venture-anime/versions/64b8f90875c86912/files"}
[debug] [2021-05-06T10:15:10.855Z] >>> [apiv2][query] POST https://upload-firebasehosting.googleapis.com/upload/sites/venture-anime/versions/64b8f90875c86912/files/e2c83d05d6edff5e51339d68bb60b2477ce8bc684d5c636a86d72f9ac3fff0a6 [none]
[debug] [2021-05-06T10:15:10.855Z] >>> [apiv2][body] POST https://upload-firebasehosting.googleapis.com/upload/sites/venture-anime/versions/64b8f90875c86912/files/e2c83d05d6edff5e51339d68bb60b2477ce8bc684d5c636a86d72f9ac3fff0a6 [stream]
[debug] [2021-05-06T10:15:10.857Z] >>> [apiv2][query] POST https://upload-firebasehosting.googleapis.com/upload/sites/venture-anime/versions/64b8f90875c86912/files/74e408ef2e87f761b0d4b9ee6edfd8f8bf928899bf2412e5232d5039891247e9 [none]
[debug] [2021-05-06T10:15:10.857Z] >>> [apiv2][body] POST https://upload-firebasehosting.googleapis.com/upload/sites/venture-anime/versions/64b8f90875c86912/files/74e408ef2e87f761b0d4b9ee6edfd8f8bf928899bf2412e5232d5039891247e9 [stream]
[debug] [2021-05-06T10:15:10.858Z] >>> [apiv2][query] POST https://upload-firebasehosting.googleapis.com/upload/sites/venture-anime/versions/64b8f90875c86912/files/a4856ce9574b7701e90927bb52398e4941bbee245956a2d7bc31765967f06f2a [none]
[debug] [2021-05-06T10:15:10.858Z] >>> [apiv2][body] POST https://upload-firebasehosting.googleapis.com/upload/sites/venture-anime/versions/64b8f90875c86912/files/a4856ce9574b7701e90927bb52398e4941bbee245956a2d7bc31765967f06f2a [stream]
[debug] [2021-05-06T10:15:10.859Z] >>> [apiv2][query] POST https://upload-firebasehosting.googleapis.com/upload/sites/venture-anime/versions/64b8f90875c86912/files/83f21ead4526164733f0660b90f50fec7011bee905635ff851deafa9814f3cf9 [none]
[debug] [2021-05-06T10:15:10.859Z] >>> [apiv2][body] POST https://upload-firebasehosting.googleapis.com/upload/sites/venture-anime/versions/64b8f90875c86912/files/83f21ead4526164733f0660b90f50fec7011bee905635ff851deafa9814f3cf9 [stream]
[debug] [2021-05-06T10:15:10.859Z] >>> [apiv2][query] POST https://upload-firebasehosting.googleapis.com/upload/sites/venture-anime/versions/64b8f90875c86912/files/03fe65eb094cdb71acecd0b16c738a0f77ee46e378ec8707aa06c4d4c5dddf81 [none]
[debug] [2021-05-06T10:15:10.859Z] >>> [apiv2][body] POST https://upload-firebasehosting.googleapis.com/upload/sites/venture-anime/versions/64b8f90875c86912/files/03fe65eb094cdb71acecd0b16c738a0f77ee46e378ec8707aa06c4d4c5dddf81 [stream]
[debug] [2021-05-06T10:15:10.860Z] >>> [apiv2][query] POST https://upload-firebasehosting.googleapis.com/upload/sites/venture-anime/versions/64b8f90875c86912/files/381500b834ab1a2c2ef7eceb4de11d4dcbc2a80c1ff56f8d4547accd72cc5222 [none]
[debug] [2021-05-06T10:15:10.860Z] >>> [apiv2][body] POST https://upload-firebasehosting.googleapis.com/upload/sites/venture-anime/versions/64b8f90875c86912/files/381500b834ab1a2c2ef7eceb4de11d4dcbc2a80c1ff56f8d4547accd72cc5222 [stream]
[debug] [2021-05-06T10:15:10.861Z] >>> [apiv2][query] POST https://upload-firebasehosting.googleapis.com/upload/sites/venture-anime/versions/64b8f90875c86912/files/53ac23e204679ba8d9920336014e77d63acf3a8a17ccdd66062df23166a02ba1 [none]
[debug] [2021-05-06T10:15:10.861Z] >>> [apiv2][body] POST https://upload-firebasehosting.googleapis.com/upload/sites/venture-anime/versions/64b8f90875c86912/files/53ac23e204679ba8d9920336014e77d63acf3a8a17ccdd66062df23166a02ba1 [stream]
[debug] [2021-05-06T10:15:10.861Z] >>> [apiv2][query] POST https://upload-firebasehosting.googleapis.com/upload/sites/venture-anime/versions/64b8f90875c86912/files/9ae65a73097e84dc88de0aaee9d9bcbbd43d9ceead3900d61919a911887fb873 [none]
[debug] [2021-05-06T10:15:10.861Z] >>> [apiv2][body] POST https://upload-firebasehosting.googleapis.com/upload/sites/venture-anime/versions/64b8f90875c86912/files/9ae65a73097e84dc88de0aaee9d9bcbbd43d9ceead3900d61919a911887fb873 [stream]
[debug] [2021-05-06T10:15:10.862Z] >>> [apiv2][query] POST https://upload-firebasehosting.googleapis.com/upload/sites/venture-anime/versions/64b8f90875c86912/files/c66d135a79d1ac89a002f49bfe22fd0bf33d7d4d8fb444f0b81bd3bbbce1fc3f [none]
[debug] [2021-05-06T10:15:10.862Z] >>> [apiv2][body] POST https://upload-firebasehosting.googleapis.com/upload/sites/venture-anime/versions/64b8f90875c86912/files/c66d135a79d1ac89a002f49bfe22fd0bf33d7d4d8fb444f0b81bd3bbbce1fc3f [stream]
[debug] [2021-05-06T10:15:10.863Z] [hosting][populate queue][FINAL] {"max":1174,"min":1174,"avg":1174,"active":0,"complete":1,"success":1,"errored":0,"retried":0,"total":1,"elapsed":1182}
[debug] [2021-05-06T10:15:10.863Z] [hosting] uploads queued: 9
